<?xml version="1.0" encoding="UTF-8"?>
<!-- Generated by org.testng.reporters.JUnitReportReporter -->
<testsuite skipped="0" hostname="Vikas-PC" name="main.Driver" tests="1" failures="0" timestamp="16 Dec 2016 07:37:39 GMT" time="60.113" errors="0">
  <testcase name="main" time="60.113" classname="main.Driver"/>
</testsuite> <!-- main.Driver -->
